<?xml version="1.0" encoding="UTF-8"?>
<testsuite xmlns:xsi="http://www.w3.org/2001/XMLSchema-instance" xsi:noNamespaceSchemaLocation="https://maven.apache.org/surefire/maven-surefire-plugin/xsd/surefire-test-report.xsd" name="com.dystopiastudios.easystory.junit.SubscriptionImplIntegrationTest" time="3.73" tests="2" errors="0" skipped="0" failures="0">
  <properties>
    <property name="java.specification.version" value="14"/>
    <property name="sun.cpu.isalist" value="amd64"/>
    <property name="sun.jnu.encoding" value="Cp1252"/>
    <property name="java.class.path" value="C:\Users\josep\Desktop\Ciclo 2021-2\ISW\EasyStory-Open-BE\target\test-classes;C:\Users\josep\Desktop\Ciclo 2021-2\ISW\EasyStory-Open-BE\target\classes;C:\Users\josep\.m2\repository\org\springframework\boot\spring-boot-starter-data-jpa\2.3.4.RELEASE\spring-boot-starter-data-jpa-2.3.4.RELEASE.jar;C:\Users\josep\.m2\repository\org\springframework\boot\spring-boot-starter-aop\2.3.4.RELEASE\spring-boot-starter-aop-2.3.4.RELEASE.jar;C:\Users\josep\.m2\repository\org\aspectj\aspectjweaver\1.9.6\aspectjweaver-1.9.6.jar;C:\Users\josep\.m2\repository\org\springframework\boot\spring-boot-starter-jdbc\2.3.4.RELEASE\spring-boot-starter-jdbc-2.3.4.RELEASE.jar;C:\Users\josep\.m2\repository\com\zaxxer\HikariCP\3.4.5\HikariCP-3.4.5.jar;C:\Users\josep\.m2\repository\org\springframework\spring-jdbc\5.2.9.RELEASE\spring-jdbc-5.2.9.RELEASE.jar;C:\Users\josep\.m2\repository\jakarta\transaction\jakarta.transaction-api\1.3.3\jakarta.transaction-api-1.3.3.jar;C:\Users\josep\.m2\repository\jakarta\persistence\jakarta.persistence-api\2.2.3\jakarta.persistence-api-2.2.3.jar;C:\Users\josep\.m2\repository\org\hibernate\hibernate-core\5.4.21.Final\hibernate-core-5.4.21.Final.jar;C:\Users\josep\.m2\repository\org\jboss\logging\jboss-logging\3.4.1.Final\jboss-logging-3.4.1.Final.jar;C:\Users\josep\.m2\repository\org\javassist\javassist\3.24.0-GA\javassist-3.24.0-GA.jar;C:\Users\josep\.m2\repository\net\bytebuddy\byte-buddy\1.10.14\byte-buddy-1.10.14.jar;C:\Users\josep\.m2\repository\antlr\antlr\2.7.7\antlr-2.7.7.jar;C:\Users\josep\.m2\repository\org\jboss\jandex\2.1.3.Final\jandex-2.1.3.Final.jar;C:\Users\josep\.m2\repository\com\fasterxml\classmate\1.5.1\classmate-1.5.1.jar;C:\Users\josep\.m2\repository\org\dom4j\dom4j\2.1.3\dom4j-2.1.3.jar;C:\Users\josep\.m2\repository\org\hibernate\common\hibernate-commons-annotations\5.1.0.Final\hibernate-commons-annotations-5.1.0.Final.jar;C:\Users\josep\.m2\repository\org\glassfish\jaxb\jaxb-runtime\2.3.3\jaxb-runtime-2.3.3.jar;C:\Users\josep\.m2\repository\org\glassfish\jaxb\txw2\2.3.3\txw2-2.3.3.jar;C:\Users\josep\.m2\repository\com\sun\istack\istack-commons-runtime\3.0.11\istack-commons-runtime-3.0.11.jar;C:\Users\josep\.m2\repository\com\sun\activation\jakarta.activation\1.2.2\jakarta.activation-1.2.2.jar;C:\Users\josep\.m2\repository\org\springframework\data\spring-data-jpa\2.3.4.RELEASE\spring-data-jpa-2.3.4.RELEASE.jar;C:\Users\josep\.m2\repository\org\springframework\data\spring-data-commons\2.3.4.RELEASE\spring-data-commons-2.3.4.RELEASE.jar;C:\Users\josep\.m2\repository\org\springframework\spring-orm\5.2.9.RELEASE\spring-orm-5.2.9.RELEASE.jar;C:\Users\josep\.m2\repository\org\springframework\spring-context\5.2.9.RELEASE\spring-context-5.2.9.RELEASE.jar;C:\Users\josep\.m2\repository\org\springframework\spring-tx\5.2.9.RELEASE\spring-tx-5.2.9.RELEASE.jar;C:\Users\josep\.m2\repository\org\springframework\spring-beans\5.2.9.RELEASE\spring-beans-5.2.9.RELEASE.jar;C:\Users\josep\.m2\repository\org\slf4j\slf4j-api\1.7.30\slf4j-api-1.7.30.jar;C:\Users\josep\.m2\repository\org\springframework\spring-aspects\5.2.9.RELEASE\spring-aspects-5.2.9.RELEASE.jar;C:\Users\josep\.m2\repository\org\springframework\boot\spring-boot-starter-validation\2.3.4.RELEASE\spring-boot-starter-validation-2.3.4.RELEASE.jar;C:\Users\josep\.m2\repository\org\springframework\boot\spring-boot-starter\2.3.4.RELEASE\spring-boot-starter-2.3.4.RELEASE.jar;C:\Users\josep\.m2\repository\org\springframework\boot\spring-boot-starter-logging\2.3.4.RELEASE\spring-boot-starter-logging-2.3.4.RELEASE.jar;C:\Users\josep\.m2\repository\ch\qos\logback\logback-classic\1.2.3\logback-classic-1.2.3.jar;C:\Users\josep\.m2\repository\ch\qos\logback\logback-core\1.2.3\logback-core-1.2.3.jar;C:\Users\josep\.m2\repository\org\apache\logging\log4j\log4j-to-slf4j\2.13.3\log4j-to-slf4j-2.13.3.jar;C:\Users\josep\.m2\repository\org\apache\logging\log4j\log4j-api\2.13.3\log4j-api-2.13.3.jar;C:\Users\josep\.m2\repository\org\slf4j\jul-to-slf4j\1.7.30\jul-to-slf4j-1.7.30.jar;C:\Users\josep\.m2\repository\jakarta\annotation\jakarta.annotation-api\1.3.5\jakarta.annotation-api-1.3.5.jar;C:\Users\josep\.m2\repository\org\yaml\snakeyaml\1.26\snakeyaml-1.26.jar;C:\Users\josep\.m2\repository\org\glassfish\jakarta.el\3.0.3\jakarta.el-3.0.3.jar;C:\Users\josep\.m2\repository\org\hibernate\validator\hibernate-validator\6.1.5.Final\hibernate-validator-6.1.5.Final.jar;C:\Users\josep\.m2\repository\jakarta\validation\jakarta.validation-api\2.0.2\jakarta.validation-api-2.0.2.jar;C:\Users\josep\.m2\repository\org\springframework\boot\spring-boot-starter-web\2.3.4.RELEASE\spring-boot-starter-web-2.3.4.RELEASE.jar;C:\Users\josep\.m2\repository\org\springframework\boot\spring-boot-starter-json\2.3.4.RELEASE\spring-boot-starter-json-2.3.4.RELEASE.jar;C:\Users\josep\.m2\repository\com\fasterxml\jackson\datatype\jackson-datatype-jdk8\2.11.2\jackson-datatype-jdk8-2.11.2.jar;C:\Users\josep\.m2\repository\com\fasterxml\jackson\datatype\jackson-datatype-jsr310\2.11.2\jackson-datatype-jsr310-2.11.2.jar;C:\Users\josep\.m2\repository\com\fasterxml\jackson\module\jackson-module-parameter-names\2.11.2\jackson-module-parameter-names-2.11.2.jar;C:\Users\josep\.m2\repository\org\springframework\boot\spring-boot-starter-tomcat\2.3.4.RELEASE\spring-boot-starter-tomcat-2.3.4.RELEASE.jar;C:\Users\josep\.m2\repository\org\apache\tomcat\embed\tomcat-embed-core\9.0.38\tomcat-embed-core-9.0.38.jar;C:\Users\josep\.m2\repository\org\apache\tomcat\embed\tomcat-embed-websocket\9.0.38\tomcat-embed-websocket-9.0.38.jar;C:\Users\josep\.m2\repository\org\springframework\spring-web\5.2.9.RELEASE\spring-web-5.2.9.RELEASE.jar;C:\Users\josep\.m2\repository\org\springframework\spring-webmvc\5.2.9.RELEASE\spring-webmvc-5.2.9.RELEASE.jar;C:\Users\josep\.m2\repository\org\springframework\spring-expression\5.2.9.RELEASE\spring-expression-5.2.9.RELEASE.jar;C:\Users\josep\.m2\repository\org\springframework\boot\spring-boot-starter-security\2.3.4.RELEASE\spring-boot-starter-security-2.3.4.RELEASE.jar;C:\Users\josep\.m2\repository\org\springframework\spring-aop\5.2.9.RELEASE\spring-aop-5.2.9.RELEASE.jar;C:\Users\josep\.m2\repository\org\springframework\security\spring-security-config\5.3.4.RELEASE\spring-security-config-5.3.4.RELEASE.jar;C:\Users\josep\.m2\repository\org\springframework\security\spring-security-web\5.3.4.RELEASE\spring-security-web-5.3.4.RELEASE.jar;C:\Users\josep\.m2\repository\org\springframework\boot\spring-boot-devtools\2.3.4.RELEASE\spring-boot-devtools-2.3.4.RELEASE.jar;C:\Users\josep\.m2\repository\org\springframework\boot\spring-boot\2.3.4.RELEASE\spring-boot-2.3.4.RELEASE.jar;C:\Users\josep\.m2\repository\org\springframework\boot\spring-boot-autoconfigure\2.3.4.RELEASE\spring-boot-autoconfigure-2.3.4.RELEASE.jar;C:\Users\josep\.m2\repository\mysql\mysql-connector-java\8.0.21\mysql-connector-java-8.0.21.jar;C:\Users\josep\.m2\repository\org\projectlombok\lombok\1.18.20\lombok-1.18.20.jar;C:\Users\josep\.m2\repository\org\springframework\boot\spring-boot-starter-test\2.3.4.RELEASE\spring-boot-starter-test-2.3.4.RELEASE.jar;C:\Users\josep\.m2\repository\org\springframework\boot\spring-boot-test\2.3.4.RELEASE\spring-boot-test-2.3.4.RELEASE.jar;C:\Users\josep\.m2\repository\org\springframework\boot\spring-boot-test-autoconfigure\2.3.4.RELEASE\spring-boot-test-autoconfigure-2.3.4.RELEASE.jar;C:\Users\josep\.m2\repository\com\jayway\jsonpath\json-path\2.4.0\json-path-2.4.0.jar;C:\Users\josep\.m2\repository\net\minidev\json-smart\2.3\json-smart-2.3.jar;C:\Users\josep\.m2\repository\net\minidev\accessors-smart\1.2\accessors-smart-1.2.jar;C:\Users\josep\.m2\repository\org\ow2\asm\asm\5.0.4\asm-5.0.4.jar;C:\Users\josep\.m2\repository\jakarta\xml\bind\jakarta.xml.bind-api\2.3.3\jakarta.xml.bind-api-2.3.3.jar;C:\Users\josep\.m2\repository\jakarta\activation\jakarta.activation-api\1.2.2\jakarta.activation-api-1.2.2.jar;C:\Users\josep\.m2\repository\org\assertj\assertj-core\3.16.1\assertj-core-3.16.1.jar;C:\Users\josep\.m2\repository\org\hamcrest\hamcrest\2.2\hamcrest-2.2.jar;C:\Users\josep\.m2\repository\org\junit\jupiter\junit-jupiter\5.6.2\junit-jupiter-5.6.2.jar;C:\Users\josep\.m2\repository\org\junit\jupiter\junit-jupiter-api\5.6.2\junit-jupiter-api-5.6.2.jar;C:\Users\josep\.m2\repository\org\opentest4j\opentest4j\1.2.0\opentest4j-1.2.0.jar;C:\Users\josep\.m2\repository\org\junit\platform\junit-platform-commons\1.6.2\junit-platform-commons-1.6.2.jar;C:\Users\josep\.m2\repository\org\junit\jupiter\junit-jupiter-params\5.6.2\junit-jupiter-params-5.6.2.jar;C:\Users\josep\.m2\repository\org\junit\jupiter\junit-jupiter-engine\5.6.2\junit-jupiter-engine-5.6.2.jar;C:\Users\josep\.m2\repository\org\junit\platform\junit-platform-engine\1.6.2\junit-platform-engine-1.6.2.jar;C:\Users\josep\.m2\repository\org\mockito\mockito-core\3.3.3\mockito-core-3.3.3.jar;C:\Users\josep\.m2\repository\net\bytebuddy\byte-buddy-agent\1.10.14\byte-buddy-agent-1.10.14.jar;C:\Users\josep\.m2\repository\org\objenesis\objenesis\2.6\objenesis-2.6.jar;C:\Users\josep\.m2\repository\org\mockito\mockito-junit-jupiter\3.3.3\mockito-junit-jupiter-3.3.3.jar;C:\Users\josep\.m2\repository\org\skyscreamer\jsonassert\1.5.0\jsonassert-1.5.0.jar;C:\Users\josep\.m2\repository\com\vaadin\external\google\android-json\0.0.20131108.vaadin1\android-json-0.0.20131108.vaadin1.jar;C:\Users\josep\.m2\repository\org\springframework\spring-core\5.2.9.RELEASE\spring-core-5.2.9.RELEASE.jar;C:\Users\josep\.m2\repository\org\springframework\spring-jcl\5.2.9.RELEASE\spring-jcl-5.2.9.RELEASE.jar;C:\Users\josep\.m2\repository\org\springframework\spring-test\5.2.9.RELEASE\spring-test-5.2.9.RELEASE.jar;C:\Users\josep\.m2\repository\org\xmlunit\xmlunit-core\2.7.0\xmlunit-core-2.7.0.jar;C:\Users\josep\.m2\repository\org\modelmapper\modelmapper\2.3.8\modelmapper-2.3.8.jar;C:\Users\josep\.m2\repository\org\modelmapper\extensions\modelmapper-spring\2.3.8\modelmapper-spring-2.3.8.jar;C:\Users\josep\.m2\repository\org\postgresql\postgresql\42.2.18\postgresql-42.2.18.jar;C:\Users\josep\.m2\repository\org\checkerframework\checker-qual\3.5.0\checker-qual-3.5.0.jar;C:\Users\josep\.m2\repository\com\h2database\h2\1.4.200\h2-1.4.200.jar;C:\Users\josep\.m2\repository\org\springdoc\springdoc-openapi-ui\1.4.7\springdoc-openapi-ui-1.4.7.jar;C:\Users\josep\.m2\repository\org\springdoc\springdoc-openapi-webmvc-core\1.4.7\springdoc-openapi-webmvc-core-1.4.7.jar;C:\Users\josep\.m2\repository\org\springdoc\springdoc-openapi-common\1.4.7\springdoc-openapi-common-1.4.7.jar;C:\Users\josep\.m2\repository\io\swagger\core\v3\swagger-models\2.1.4\swagger-models-2.1.4.jar;C:\Users\josep\.m2\repository\io\swagger\core\v3\swagger-annotations\2.1.4\swagger-annotations-2.1.4.jar;C:\Users\josep\.m2\repository\io\swagger\core\v3\swagger-integration\2.1.4\swagger-integration-2.1.4.jar;C:\Users\josep\.m2\repository\io\swagger\core\v3\swagger-core\2.1.4\swagger-core-2.1.4.jar;C:\Users\josep\.m2\repository\com\fasterxml\jackson\dataformat\jackson-dataformat-yaml\2.11.2\jackson-dataformat-yaml-2.11.2.jar;C:\Users\josep\.m2\repository\io\github\classgraph\classgraph\4.8.69\classgraph-4.8.69.jar;C:\Users\josep\.m2\repository\org\apache\commons\commons-lang3\3.10\commons-lang3-3.10.jar;C:\Users\josep\.m2\repository\org\webjars\swagger-ui\3.34.0\swagger-ui-3.34.0.jar;C:\Users\josep\.m2\repository\org\webjars\webjars-locator-core\0.45\webjars-locator-core-0.45.jar;C:\Users\josep\.m2\repository\com\fasterxml\jackson\core\jackson-core\2.11.2\jackson-core-2.11.2.jar;C:\Users\josep\.m2\repository\org\springdoc\springdoc-openapi-data-rest\1.4.7\springdoc-openapi-data-rest-1.4.7.jar;C:\Users\josep\.m2\repository\org\springdoc\springdoc-openapi-hateoas\1.4.7\springdoc-openapi-hateoas-1.4.7.jar;C:\Users\josep\.m2\repository\org\springframework\hateoas\spring-hateoas\1.1.2.RELEASE\spring-hateoas-1.1.2.RELEASE.jar;C:\Users\josep\.m2\repository\org\springframework\data\spring-data-rest-core\3.3.4.RELEASE\spring-data-rest-core-3.3.4.RELEASE.jar;C:\Users\josep\.m2\repository\org\springframework\plugin\spring-plugin-core\2.0.0.RELEASE\spring-plugin-core-2.0.0.RELEASE.jar;C:\Users\josep\.m2\repository\org\atteo\evo-inflector\1.2.2\evo-inflector-1.2.2.jar;C:\Users\josep\.m2\repository\com\fasterxml\jackson\core\jackson-annotations\2.11.2\jackson-annotations-2.11.2.jar;C:\Users\josep\.m2\repository\io\cucumber\cucumber-core\6.8.0\cucumber-core-6.8.0.jar;C:\Users\josep\.m2\repository\io\cucumber\cucumber-gherkin\6.8.0\cucumber-gherkin-6.8.0.jar;C:\Users\josep\.m2\repository\io\cucumber\cucumber-gherkin-messages\6.8.0\cucumber-gherkin-messages-6.8.0.jar;C:\Users\josep\.m2\repository\io\cucumber\messages\13.1.0\messages-13.1.0.jar;C:\Users\josep\.m2\repository\io\cucumber\tag-expressions\3.0.0\tag-expressions-3.0.0.jar;C:\Users\josep\.m2\repository\io\cucumber\cucumber-expressions\10.3.0\cucumber-expressions-10.3.0.jar;C:\Users\josep\.m2\repository\io\cucumber\datatable\3.5.0\datatable-3.5.0.jar;C:\Users\josep\.m2\repository\io\cucumber\cucumber-plugin\6.8.0\cucumber-plugin-6.8.0.jar;C:\Users\josep\.m2\repository\io\cucumber\docstring\6.8.0\docstring-6.8.0.jar;C:\Users\josep\.m2\repository\io\cucumber\html-formatter\9.0.0\html-formatter-9.0.0.jar;C:\Users\josep\.m2\repository\io\cucumber\create-meta\2.0.2\create-meta-2.0.2.jar;C:\Users\josep\.m2\repository\org\apiguardian\apiguardian-api\1.1.0\apiguardian-api-1.1.0.jar;C:\Users\josep\.m2\repository\io\cucumber\cucumber-java\6.8.0\cucumber-java-6.8.0.jar;C:\Users\josep\.m2\repository\io\cucumber\cucumber-junit\6.8.0\cucumber-junit-6.8.0.jar;C:\Users\josep\.m2\repository\junit\junit\4.13\junit-4.13.jar;C:\Users\josep\.m2\repository\org\hamcrest\hamcrest-core\2.2\hamcrest-core-2.2.jar;C:\Users\josep\.m2\repository\io\cucumber\cucumber-spring\6.8.0\cucumber-spring-6.8.0.jar;C:\Users\josep\.m2\repository\commons-io\commons-io\1.3.2\commons-io-1.3.2.jar;C:\Users\josep\.m2\repository\org\springframework\security\spring-security-test\5.3.4.RELEASE\spring-security-test-5.3.4.RELEASE.jar;C:\Users\josep\.m2\repository\org\springframework\security\spring-security-core\5.3.4.RELEASE\spring-security-core-5.3.4.RELEASE.jar;C:\Users\josep\.m2\repository\io\jsonwebtoken\jjwt\0.9.1\jjwt-0.9.1.jar;C:\Users\josep\.m2\repository\com\fasterxml\jackson\core\jackson-databind\2.11.2\jackson-databind-2.11.2.jar;"/>
    <property name="java.vm.vendor" value="Oracle Corporation"/>
    <property name="sun.arch.data.model" value="64"/>
    <property name="user.variant" value=""/>
    <property name="java.vendor.url" value="https://java.oracle.com/"/>
    <property name="user.timezone" value="America/Lima"/>
    <property name="os.name" value="Windows 10"/>
    <property name="java.vm.specification.version" value="14"/>
    <property name="sun.java.launcher" value="SUN_STANDARD"/>
    <property name="user.country" value="PE"/>
    <property name="sun.boot.library.path" value="C:\Program Files\Java\jdk-14\bin"/>
    <property name="sun.java.command" value="C:\Users\josep\AppData\Local\Temp\surefire11572800599219724610\surefirebooter14182065613315082737.jar C:\Users\josep\AppData\Local\Temp\surefire11572800599219724610 2021-09-30T14-14-52_337-jvmRun1 surefire3997029406485331568tmp surefire_08202611815077383217tmp"/>
    <property name="jdk.debug" value="release"/>
    <property name="surefire.test.class.path" value="C:\Users\josep\Desktop\Ciclo 2021-2\ISW\EasyStory-Open-BE\target\test-classes;C:\Users\josep\Desktop\Ciclo 2021-2\ISW\EasyStory-Open-BE\target\classes;C:\Users\josep\.m2\repository\org\springframework\boot\spring-boot-starter-data-jpa\2.3.4.RELEASE\spring-boot-starter-data-jpa-2.3.4.RELEASE.jar;C:\Users\josep\.m2\repository\org\springframework\boot\spring-boot-starter-aop\2.3.4.RELEASE\spring-boot-starter-aop-2.3.4.RELEASE.jar;C:\Users\josep\.m2\repository\org\aspectj\aspectjweaver\1.9.6\aspectjweaver-1.9.6.jar;C:\Users\josep\.m2\repository\org\springframework\boot\spring-boot-starter-jdbc\2.3.4.RELEASE\spring-boot-starter-jdbc-2.3.4.RELEASE.jar;C:\Users\josep\.m2\repository\com\zaxxer\HikariCP\3.4.5\HikariCP-3.4.5.jar;C:\Users\josep\.m2\repository\org\springframework\spring-jdbc\5.2.9.RELEASE\spring-jdbc-5.2.9.RELEASE.jar;C:\Users\josep\.m2\repository\jakarta\transaction\jakarta.transaction-api\1.3.3\jakarta.transaction-api-1.3.3.jar;C:\Users\josep\.m2\repository\jakarta\persistence\jakarta.persistence-api\2.2.3\jakarta.persistence-api-2.2.3.jar;C:\Users\josep\.m2\repository\org\hibernate\hibernate-core\5.4.21.Final\hibernate-core-5.4.21.Final.jar;C:\Users\josep\.m2\repository\org\jboss\logging\jboss-logging\3.4.1.Final\jboss-logging-3.4.1.Final.jar;C:\Users\josep\.m2\repository\org\javassist\javassist\3.24.0-GA\javassist-3.24.0-GA.jar;C:\Users\josep\.m2\repository\net\bytebuddy\byte-buddy\1.10.14\byte-buddy-1.10.14.jar;C:\Users\josep\.m2\repository\antlr\antlr\2.7.7\antlr-2.7.7.jar;C:\Users\josep\.m2\repository\org\jboss\jandex\2.1.3.Final\jandex-2.1.3.Final.jar;C:\Users\josep\.m2\repository\com\fasterxml\classmate\1.5.1\classmate-1.5.1.jar;C:\Users\josep\.m2\repository\org\dom4j\dom4j\2.1.3\dom4j-2.1.3.jar;C:\Users\josep\.m2\repository\org\hibernate\common\hibernate-commons-annotations\5.1.0.Final\hibernate-commons-annotations-5.1.0.Final.jar;C:\Users\josep\.m2\repository\org\glassfish\jaxb\jaxb-runtime\2.3.3\jaxb-runtime-2.3.3.jar;C:\Users\josep\.m2\repository\org\glassfish\jaxb\txw2\2.3.3\txw2-2.3.3.jar;C:\Users\josep\.m2\repository\com\sun\istack\istack-commons-runtime\3.0.11\istack-commons-runtime-3.0.11.jar;C:\Users\josep\.m2\repository\com\sun\activation\jakarta.activation\1.2.2\jakarta.activation-1.2.2.jar;C:\Users\josep\.m2\repository\org\springframework\data\spring-data-jpa\2.3.4.RELEASE\spring-data-jpa-2.3.4.RELEASE.jar;C:\Users\josep\.m2\repository\org\springframework\data\spring-data-commons\2.3.4.RELEASE\spring-data-commons-2.3.4.RELEASE.jar;C:\Users\josep\.m2\repository\org\springframework\spring-orm\5.2.9.RELEASE\spring-orm-5.2.9.RELEASE.jar;C:\Users\josep\.m2\repository\org\springframework\spring-context\5.2.9.RELEASE\spring-context-5.2.9.RELEASE.jar;C:\Users\josep\.m2\repository\org\springframework\spring-tx\5.2.9.RELEASE\spring-tx-5.2.9.RELEASE.jar;C:\Users\josep\.m2\repository\org\springframework\spring-beans\5.2.9.RELEASE\spring-beans-5.2.9.RELEASE.jar;C:\Users\josep\.m2\repository\org\slf4j\slf4j-api\1.7.30\slf4j-api-1.7.30.jar;C:\Users\josep\.m2\repository\org\springframework\spring-aspects\5.2.9.RELEASE\spring-aspects-5.2.9.RELEASE.jar;C:\Users\josep\.m2\repository\org\springframework\boot\spring-boot-starter-validation\2.3.4.RELEASE\spring-boot-starter-validation-2.3.4.RELEASE.jar;C:\Users\josep\.m2\repository\org\springframework\boot\spring-boot-starter\2.3.4.RELEASE\spring-boot-starter-2.3.4.RELEASE.jar;C:\Users\josep\.m2\repository\org\springframework\boot\spring-boot-starter-logging\2.3.4.RELEASE\spring-boot-starter-logging-2.3.4.RELEASE.jar;C:\Users\josep\.m2\repository\ch\qos\logback\logback-classic\1.2.3\logback-classic-1.2.3.jar;C:\Users\josep\.m2\repository\ch\qos\logback\logback-core\1.2.3\logback-core-1.2.3.jar;C:\Users\josep\.m2\repository\org\apache\logging\log4j\log4j-to-slf4j\2.13.3\log4j-to-slf4j-2.13.3.jar;C:\Users\josep\.m2\repository\org\apache\logging\log4j\log4j-api\2.13.3\log4j-api-2.13.3.jar;C:\Users\josep\.m2\repository\org\slf4j\jul-to-slf4j\1.7.30\jul-to-slf4j-1.7.30.jar;C:\Users\josep\.m2\repository\jakarta\annotation\jakarta.annotation-api\1.3.5\jakarta.annotation-api-1.3.5.jar;C:\Users\josep\.m2\repository\org\yaml\snakeyaml\1.26\snakeyaml-1.26.jar;C:\Users\josep\.m2\repository\org\glassfish\jakarta.el\3.0.3\jakarta.el-3.0.3.jar;C:\Users\josep\.m2\repository\org\hibernate\validator\hibernate-validator\6.1.5.Final\hibernate-validator-6.1.5.Final.jar;C:\Users\josep\.m2\repository\jakarta\validation\jakarta.validation-api\2.0.2\jakarta.validation-api-2.0.2.jar;C:\Users\josep\.m2\repository\org\springframework\boot\spring-boot-starter-web\2.3.4.RELEASE\spring-boot-starter-web-2.3.4.RELEASE.jar;C:\Users\josep\.m2\repository\org\springframework\boot\spring-boot-starter-json\2.3.4.RELEASE\spring-boot-starter-json-2.3.4.RELEASE.jar;C:\Users\josep\.m2\repository\com\fasterxml\jackson\datatype\jackson-datatype-jdk8\2.11.2\jackson-datatype-jdk8-2.11.2.jar;C:\Users\josep\.m2\repository\com\fasterxml\jackson\datatype\jackson-datatype-jsr310\2.11.2\jackson-datatype-jsr310-2.11.2.jar;C:\Users\josep\.m2\repository\com\fasterxml\jackson\module\jackson-module-parameter-names\2.11.2\jackson-module-parameter-names-2.11.2.jar;C:\Users\josep\.m2\repository\org\springframework\boot\spring-boot-starter-tomcat\2.3.4.RELEASE\spring-boot-starter-tomcat-2.3.4.RELEASE.jar;C:\Users\josep\.m2\repository\org\apache\tomcat\embed\tomcat-embed-core\9.0.38\tomcat-embed-core-9.0.38.jar;C:\Users\josep\.m2\repository\org\apache\tomcat\embed\tomcat-embed-websocket\9.0.38\tomcat-embed-websocket-9.0.38.jar;C:\Users\josep\.m2\repository\org\springframework\spring-web\5.2.9.RELEASE\spring-web-5.2.9.RELEASE.jar;C:\Users\josep\.m2\repository\org\springframework\spring-webmvc\5.2.9.RELEASE\spring-webmvc-5.2.9.RELEASE.jar;C:\Users\josep\.m2\repository\org\springframework\spring-expression\5.2.9.RELEASE\spring-expression-5.2.9.RELEASE.jar;C:\Users\josep\.m2\repository\org\springframework\boot\spring-boot-starter-security\2.3.4.RELEASE\spring-boot-starter-security-2.3.4.RELEASE.jar;C:\Users\josep\.m2\repository\org\springframework\spring-aop\5.2.9.RELEASE\spring-aop-5.2.9.RELEASE.jar;C:\Users\josep\.m2\repository\org\springframework\security\spring-security-config\5.3.4.RELEASE\spring-security-config-5.3.4.RELEASE.jar;C:\Users\josep\.m2\repository\org\springframework\security\spring-security-web\5.3.4.RELEASE\spring-security-web-5.3.4.RELEASE.jar;C:\Users\josep\.m2\repository\org\springframework\boot\spring-boot-devtools\2.3.4.RELEASE\spring-boot-devtools-2.3.4.RELEASE.jar;C:\Users\josep\.m2\repository\org\springframework\boot\spring-boot\2.3.4.RELEASE\spring-boot-2.3.4.RELEASE.jar;C:\Users\josep\.m2\repository\org\springframework\boot\spring-boot-autoconfigure\2.3.4.RELEASE\spring-boot-autoconfigure-2.3.4.RELEASE.jar;C:\Users\josep\.m2\repository\mysql\mysql-connector-java\8.0.21\mysql-connector-java-8.0.21.jar;C:\Users\josep\.m2\repository\org\projectlombok\lombok\1.18.20\lombok-1.18.20.jar;C:\Users\josep\.m2\repository\org\springframework\boot\spring-boot-starter-test\2.3.4.RELEASE\spring-boot-starter-test-2.3.4.RELEASE.jar;C:\Users\josep\.m2\repository\org\springframework\boot\spring-boot-test\2.3.4.RELEASE\spring-boot-test-2.3.4.RELEASE.jar;C:\Users\josep\.m2\repository\org\springframework\boot\spring-boot-test-autoconfigure\2.3.4.RELEASE\spring-boot-test-autoconfigure-2.3.4.RELEASE.jar;C:\Users\josep\.m2\repository\com\jayway\jsonpath\json-path\2.4.0\json-path-2.4.0.jar;C:\Users\josep\.m2\repository\net\minidev\json-smart\2.3\json-smart-2.3.jar;C:\Users\josep\.m2\repository\net\minidev\accessors-smart\1.2\accessors-smart-1.2.jar;C:\Users\josep\.m2\repository\org\ow2\asm\asm\5.0.4\asm-5.0.4.jar;C:\Users\josep\.m2\repository\jakarta\xml\bind\jakarta.xml.bind-api\2.3.3\jakarta.xml.bind-api-2.3.3.jar;C:\Users\josep\.m2\repository\jakarta\activation\jakarta.activation-api\1.2.2\jakarta.activation-api-1.2.2.jar;C:\Users\josep\.m2\repository\org\assertj\assertj-core\3.16.1\assertj-core-3.16.1.jar;C:\Users\josep\.m2\repository\org\hamcrest\hamcrest\2.2\hamcrest-2.2.jar;C:\Users\josep\.m2\repository\org\junit\jupiter\junit-jupiter\5.6.2\junit-jupiter-5.6.2.jar;C:\Users\josep\.m2\repository\org\junit\jupiter\junit-jupiter-api\5.6.2\junit-jupiter-api-5.6.2.jar;C:\Users\josep\.m2\repository\org\opentest4j\opentest4j\1.2.0\opentest4j-1.2.0.jar;C:\Users\josep\.m2\repository\org\junit\platform\junit-platform-commons\1.6.2\junit-platform-commons-1.6.2.jar;C:\Users\josep\.m2\repository\org\junit\jupiter\junit-jupiter-params\5.6.2\junit-jupiter-params-5.6.2.jar;C:\Users\josep\.m2\repository\org\junit\jupiter\junit-jupiter-engine\5.6.2\junit-jupiter-engine-5.6.2.jar;C:\Users\josep\.m2\repository\org\junit\platform\junit-platform-engine\1.6.2\junit-platform-engine-1.6.2.jar;C:\Users\josep\.m2\repository\org\mockito\mockito-core\3.3.3\mockito-core-3.3.3.jar;C:\Users\josep\.m2\repository\net\bytebuddy\byte-buddy-agent\1.10.14\byte-buddy-agent-1.10.14.jar;C:\Users\josep\.m2\repository\org\objenesis\objenesis\2.6\objenesis-2.6.jar;C:\Users\josep\.m2\repository\org\mockito\mockito-junit-jupiter\3.3.3\mockito-junit-jupiter-3.3.3.jar;C:\Users\josep\.m2\repository\org\skyscreamer\jsonassert\1.5.0\jsonassert-1.5.0.jar;C:\Users\josep\.m2\repository\com\vaadin\external\google\android-json\0.0.20131108.vaadin1\android-json-0.0.20131108.vaadin1.jar;C:\Users\josep\.m2\repository\org\springframework\spring-core\5.2.9.RELEASE\spring-core-5.2.9.RELEASE.jar;C:\Users\josep\.m2\repository\org\springframework\spring-jcl\5.2.9.RELEASE\spring-jcl-5.2.9.RELEASE.jar;C:\Users\josep\.m2\repository\org\springframework\spring-test\5.2.9.RELEASE\spring-test-5.2.9.RELEASE.jar;C:\Users\josep\.m2\repository\org\xmlunit\xmlunit-core\2.7.0\xmlunit-core-2.7.0.jar;C:\Users\josep\.m2\repository\org\modelmapper\modelmapper\2.3.8\modelmapper-2.3.8.jar;C:\Users\josep\.m2\repository\org\modelmapper\extensions\modelmapper-spring\2.3.8\modelmapper-spring-2.3.8.jar;C:\Users\josep\.m2\repository\org\postgresql\postgresql\42.2.18\postgresql-42.2.18.jar;C:\Users\josep\.m2\repository\org\checkerframework\checker-qual\3.5.0\checker-qual-3.5.0.jar;C:\Users\josep\.m2\repository\com\h2database\h2\1.4.200\h2-1.4.200.jar;C:\Users\josep\.m2\repository\org\springdoc\springdoc-openapi-ui\1.4.7\springdoc-openapi-ui-1.4.7.jar;C:\Users\josep\.m2\repository\org\springdoc\springdoc-openapi-webmvc-core\1.4.7\springdoc-openapi-webmvc-core-1.4.7.jar;C:\Users\josep\.m2\repository\org\springdoc\springdoc-openapi-common\1.4.7\springdoc-openapi-common-1.4.7.jar;C:\Users\josep\.m2\repository\io\swagger\core\v3\swagger-models\2.1.4\swagger-models-2.1.4.jar;C:\Users\josep\.m2\repository\io\swagger\core\v3\swagger-annotations\2.1.4\swagger-annotations-2.1.4.jar;C:\Users\josep\.m2\repository\io\swagger\core\v3\swagger-integration\2.1.4\swagger-integration-2.1.4.jar;C:\Users\josep\.m2\repository\io\swagger\core\v3\swagger-core\2.1.4\swagger-core-2.1.4.jar;C:\Users\josep\.m2\repository\com\fasterxml\jackson\dataformat\jackson-dataformat-yaml\2.11.2\jackson-dataformat-yaml-2.11.2.jar;C:\Users\josep\.m2\repository\io\github\classgraph\classgraph\4.8.69\classgraph-4.8.69.jar;C:\Users\josep\.m2\repository\org\apache\commons\commons-lang3\3.10\commons-lang3-3.10.jar;C:\Users\josep\.m2\repository\org\webjars\swagger-ui\3.34.0\swagger-ui-3.34.0.jar;C:\Users\josep\.m2\repository\org\webjars\webjars-locator-core\0.45\webjars-locator-core-0.45.jar;C:\Users\josep\.m2\repository\com\fasterxml\jackson\core\jackson-core\2.11.2\jackson-core-2.11.2.jar;C:\Users\josep\.m2\repository\org\springdoc\springdoc-openapi-data-rest\1.4.7\springdoc-openapi-data-rest-1.4.7.jar;C:\Users\josep\.m2\repository\org\springdoc\springdoc-openapi-hateoas\1.4.7\springdoc-openapi-hateoas-1.4.7.jar;C:\Users\josep\.m2\repository\org\springframework\hateoas\spring-hateoas\1.1.2.RELEASE\spring-hateoas-1.1.2.RELEASE.jar;C:\Users\josep\.m2\repository\org\springframework\data\spring-data-rest-core\3.3.4.RELEASE\spring-data-rest-core-3.3.4.RELEASE.jar;C:\Users\josep\.m2\repository\org\springframework\plugin\spring-plugin-core\2.0.0.RELEASE\spring-plugin-core-2.0.0.RELEASE.jar;C:\Users\josep\.m2\repository\org\atteo\evo-inflector\1.2.2\evo-inflector-1.2.2.jar;C:\Users\josep\.m2\repository\com\fasterxml\jackson\core\jackson-annotations\2.11.2\jackson-annotations-2.11.2.jar;C:\Users\josep\.m2\repository\io\cucumber\cucumber-core\6.8.0\cucumber-core-6.8.0.jar;C:\Users\josep\.m2\repository\io\cucumber\cucumber-gherkin\6.8.0\cucumber-gherkin-6.8.0.jar;C:\Users\josep\.m2\repository\io\cucumber\cucumber-gherkin-messages\6.8.0\cucumber-gherkin-messages-6.8.0.jar;C:\Users\josep\.m2\repository\io\cucumber\messages\13.1.0\messages-13.1.0.jar;C:\Users\josep\.m2\repository\io\cucumber\tag-expressions\3.0.0\tag-expressions-3.0.0.jar;C:\Users\josep\.m2\repository\io\cucumber\cucumber-expressions\10.3.0\cucumber-expressions-10.3.0.jar;C:\Users\josep\.m2\repository\io\cucumber\datatable\3.5.0\datatable-3.5.0.jar;C:\Users\josep\.m2\repository\io\cucumber\cucumber-plugin\6.8.0\cucumber-plugin-6.8.0.jar;C:\Users\josep\.m2\repository\io\cucumber\docstring\6.8.0\docstring-6.8.0.jar;C:\Users\josep\.m2\repository\io\cucumber\html-formatter\9.0.0\html-formatter-9.0.0.jar;C:\Users\josep\.m2\repository\io\cucumber\create-meta\2.0.2\create-meta-2.0.2.jar;C:\Users\josep\.m2\repository\org\apiguardian\apiguardian-api\1.1.0\apiguardian-api-1.1.0.jar;C:\Users\josep\.m2\repository\io\cucumber\cucumber-java\6.8.0\cucumber-java-6.8.0.jar;C:\Users\josep\.m2\repository\io\cucumber\cucumber-junit\6.8.0\cucumber-junit-6.8.0.jar;C:\Users\josep\.m2\repository\junit\junit\4.13\junit-4.13.jar;C:\Users\josep\.m2\repository\org\hamcrest\hamcrest-core\2.2\hamcrest-core-2.2.jar;C:\Users\josep\.m2\repository\io\cucumber\cucumber-spring\6.8.0\cucumber-spring-6.8.0.jar;C:\Users\josep\.m2\repository\commons-io\commons-io\1.3.2\commons-io-1.3.2.jar;C:\Users\josep\.m2\repository\org\springframework\security\spring-security-test\5.3.4.RELEASE\spring-security-test-5.3.4.RELEASE.jar;C:\Users\josep\.m2\repository\org\springframework\security\spring-security-core\5.3.4.RELEASE\spring-security-core-5.3.4.RELEASE.jar;C:\Users\josep\.m2\repository\io\jsonwebtoken\jjwt\0.9.1\jjwt-0.9.1.jar;C:\Users\josep\.m2\repository\com\fasterxml\jackson\core\jackson-databind\2.11.2\jackson-databind-2.11.2.jar;"/>
    <property name="sun.cpu.endian" value="little"/>
    <property name="user.home" value="C:\Users\josep"/>
    <property name="user.language" value="es"/>
    <property name="java.specification.vendor" value="Oracle Corporation"/>
    <property name="java.version.date" value="2020-03-17"/>
    <property name="java.home" value="C:\Program Files\Java\jdk-14"/>
    <property name="file.separator" value="\"/>
    <property name="basedir" value="C:\Users\josep\Desktop\Ciclo 2021-2\ISW\EasyStory-Open-BE"/>
    <property name="java.vm.compressedOopsMode" value="32-bit"/>
    <property name="line.separator" value="&#10;"/>
    <property name="java.vm.specification.vendor" value="Oracle Corporation"/>
    <property name="java.specification.name" value="Java Platform API Specification"/>
    <property name="surefire.real.class.path" value="C:\Users\josep\AppData\Local\Temp\surefire11572800599219724610\surefirebooter14182065613315082737.jar"/>
    <property name="user.script" value=""/>
    <property name="sun.management.compiler" value="HotSpot 64-Bit Tiered Compilers"/>
    <property name="java.runtime.version" value="14+36-1461"/>
    <property name="user.name" value="josep"/>
    <property name="path.separator" value=";"/>
    <property name="os.version" value="10.0"/>
    <property name="java.runtime.name" value="OpenJDK Runtime Environment"/>
    <property name="file.encoding" value="Cp1252"/>
    <property name="java.vm.name" value="OpenJDK 64-Bit Server VM"/>
    <property name="localRepository" value="C:\Users\josep\.m2\repository"/>
    <property name="java.vendor.url.bug" value="https://bugreport.java.com/bugreport/"/>
    <property name="java.io.tmpdir" value="C:\Users\josep\AppData\Local\Temp\"/>
    <property name="java.version" value="14"/>
    <property name="user.dir" value="C:\Users\josep\Desktop\Ciclo 2021-2\ISW\EasyStory-Open-BE"/>
    <property name="os.arch" value="amd64"/>
    <property name="java.vm.specification.name" value="Java Virtual Machine Specification"/>
    <property name="sun.os.patch.level" value=""/>
    <property name="java.library.path" value="C:\Program Files\Java\jdk-14\bin;C:\Windows\Sun\Java\bin;C:\Windows\system32;C:\Windows;C:\Windows\system32;C:\Windows;C:\Windows\System32\Wbem;C:\Windows\System32\WindowsPowerShell\v1.0\;C:\Program Files\Common Files\Oracle\Java\javapath;C:\Program Files\Java\jdk-14\bin;C:\Windows\System32\OpenSSH\;C:\Program Files\NVIDIA Corporation\NVIDIA NvDLISR;C:\Program Files (x86)\NVIDIA Corporation\PhysX\Common;C:\Program Files\dotnet\;C:\Program Files\Git\cmd;C:\Program Files\Microsoft SQL Server\130\Tools\Binn\;C:\Program Files\Microsoft SQL Server\Client SDK\ODBC\170\Tools\Binn\;C:\Program Files\nodejs\;C:\Program Files\apache-maven-3.6.3\bin;C:\Users\josep\AppData\Local\Microsoft\WindowsApps;C:\Users\josep\.dotnet\tools;C:\Users\josep\AppData\Local\Programs\Microsoft VS Code\bin;C:\Users\josep\AppData\Local\GitHubDesktop\bin;C:\Program Files\Azure Data Studio\bin;C:\Users\josep\AppData\Roaming\npm;C:\Program Files\Java\jdk-14\bin;;."/>
    <property name="java.vm.info" value="mixed mode, sharing"/>
    <property name="java.vendor" value="Oracle Corporation"/>
    <property name="java.vm.version" value="14+36-1461"/>
    <property name="sun.io.unicode.encoding" value="UnicodeLittle"/>
    <property name="java.class.version" value="58.0"/>
  </properties>
  <testcase name="whenGetSubscriptionByUserIdAndSubscribedIdWithInvalidUserIdAndSubscribedIdThenReturnsResourceNotFoundException" classname="com.dystopiastudios.easystory.junit.SubscriptionImplIntegrationTest" time="1.151"/>
  <testcase name="whenGetSubscriptionByUserIdAndSubscribedIdWithValidUserIdAndSubscribedIdThenReturnsSubscription" classname="com.dystopiastudios.easystory.junit.SubscriptionImplIntegrationTest" time="0.889"/>
</testsuite>